2019-02-15 15:00:26 Error: [MissingActionException] Action PostsController::view() could not be found.
Exception Attributes: array (
  'controller' => 'PostsController',
  'action' => 'view',
)
Request URL: /posts/view/1
Stack Trace:
#0 /var/www/html/lib/Cake/Routing/Dispatcher.php(193): Controller->invokeAction(Object(CakeRequest))
#1 /var/www/html/lib/Cake/Routing/Dispatcher.php(167): Dispatcher->_invoke(Object(PostsController), Object(CakeRequest))
#2 /var/www/html/app/webroot/index.php(117): Dispatcher->dispatch(Object(CakeRequest), Object(CakeResponse))
#3 {main}
2019-02-15 15:05:56 Error: [MissingViewException] View file "Posts/add.ctp" is missing.
Exception Attributes: array (
  'file' => 'Posts/add.ctp',
)
Request URL: /posts/add
Stack Trace:
#0 /var/www/html/lib/Cake/View/View.php(470): View->_getViewFileName('Posts/add')
#1 /var/www/html/lib/Cake/Controller/Controller.php(963): View->render(NULL, NULL)
#2 /var/www/html/lib/Cake/Routing/Dispatcher.php(200): Controller->render()
#3 /var/www/html/lib/Cake/Routing/Dispatcher.php(167): Dispatcher->_invoke(Object(PostsController), Object(CakeRequest))
#4 /var/www/html/app/webroot/index.php(117): Dispatcher->dispatch(Object(CakeRequest), Object(CakeResponse))
#5 {main}
2019-02-15 15:33:09 Error: [MissingActionException] Action PostsController::display() could not be found.
Exception Attributes: array (
  'controller' => 'PostsController',
  'action' => 'display',
)
Request URL: /
Stack Trace:
#0 /var/www/html/lib/Cake/Routing/Dispatcher.php(193): Controller->invokeAction(Object(CakeRequest))
#1 /var/www/html/lib/Cake/Routing/Dispatcher.php(167): Dispatcher->_invoke(Object(PostsController), Object(CakeRequest))
#2 /var/www/html/app/webroot/index.php(117): Dispatcher->dispatch(Object(CakeRequest), Object(CakeResponse))
#3 {main}
